<?xml version="1.0" encoding="UTF-8"?>
<testsuites name="TS_Login" time="44" tests="0" failures="1" errors="0">
   <testsuite name="TS_Login" tests="0" failures="1" errors="0" time="44" timestamp="2018-01-24 21:49:35" hostname="aekachaiboonruang - pondthaitay.local" id="Test Suites/TS_Login">
      <properties>
         <property name="deviceName" value=""/>
         <property name="devicePlatform" value=""/>
         <property name="logFolder" value="/Users/aekachaiboonruang/Katalon Studio/mobile/Reports/TS_Login/20180124_214920"/>
         <property name="logFiles" value="/Users/aekachaiboonruang/Katalon Studio/mobile/Reports/TS_Login/20180124_214920/appium-proxy-server.log, /Users/aekachaiboonruang/Katalon Studio/mobile/Reports/TS_Login/20180124_214920/appium.log, /Users/aekachaiboonruang/Katalon Studio/mobile/Reports/TS_Login/20180124_214920/execution0.log"/>
         <property name="attachments" value=""/>
         <property name="hostName" value="aekachaiboonruang - pondthaitay.local"/>
         <property name="hostAddress" value="169.254.113.185"/>
         <property name="os" value="Mac OS X 64bit"/>
         <property name="katalonVersion" value="5.2.0.1"/>
      </properties>
      <testcase name="Test Cases/Login iOS" classname="Test Cases/Login iOS" status="FAILED">
         <failure type="FAILED" message="Unable to start app at: '/Users/aekachaiboonruang/Library/Developer/Xcode/DerivedData/WebDriverAgent-brdadhpuduowllgivnnvuygpwhzy/Build/Products/Debug-iphoneos/IntegrationApp.app' (Root cause: com.kms.katalon.core.appium.exception.AppiumStartException: Fail to start Appium server in 30 seconds)"/>
         <system-out><![CDATA[2018-01-24 21:49:36 - [TEST_CASE][FAILED] - Test Cases/Login iOS: Test Cases/Login iOS FAILED because (of) Unable to start app at: '/Users/aekachaiboonruang/Library/Developer/Xcode/DerivedData/WebDriverAgent-brdadhpuduowllgivnnvuygpwhzy/Build/Products/Debug-iphoneos/IntegrationApp.app' (Root cause: com.kms.katalon.core.appium.exception.AppiumStartException: Fail to start Appium server in 30 seconds)

2018-01-24 21:49:36 - [TEST_STEP][FAILED] - startApplication: Unable to start app at: '/Users/aekachaiboonruang/Library/Developer/Xcode/DerivedData/WebDriverAgent-brdadhpuduowllgivnnvuygpwhzy/Build/Products/Debug-iphoneos/IntegrationApp.app' (Root cause: com.kms.katalon.core.appium.exception.AppiumStartException: Fail to start Appium server in 30 seconds)

2018-01-24 21:50:18 - [MESSAGE][FAILED] - Unable to start app at: '/Users/aekachaiboonruang/Library/Developer/Xcode/DerivedData/WebDriverAgent-brdadhpuduowllgivnnvuygpwhzy/Build/Products/Debug-iphoneos/IntegrationApp.app' (Root cause: com.kms.katalon.core.appium.exception.AppiumStartException: Fail to start Appium server in 30 seconds)]]></system-out>
         <system-err><![CDATA[2018-01-24 21:49:36 - [TEST_CASE][FAILED] - Test Cases/Login iOS: Test Cases/Login iOS FAILED because (of) Unable to start app at: '/Users/aekachaiboonruang/Library/Developer/Xcode/DerivedData/WebDriverAgent-brdadhpuduowllgivnnvuygpwhzy/Build/Products/Debug-iphoneos/IntegrationApp.app' (Root cause: com.kms.katalon.core.appium.exception.AppiumStartException: Fail to start Appium server in 30 seconds)]]></system-err>
      </testcase>
      <system-out><![CDATA[2018-01-24 21:49:35 - [TEST_SUITE][FAILED] - TS_Login: Test Cases/Login iOS FAILED because (of) Unable to start app at: '/Users/aekachaiboonruang/Library/Developer/Xcode/DerivedData/WebDriverAgent-brdadhpuduowllgivnnvuygpwhzy/Build/Products/Debug-iphoneos/IntegrationApp.app' (Root cause: com.kms.katalon.core.appium.exception.AppiumStartException: Fail to start Appium server in 30 seconds)]]></system-out>
      <system-err><![CDATA[2018-01-24 21:49:35 - [TEST_SUITE][FAILED] - TS_Login: Test Cases/Login iOS FAILED because (of) Unable to start app at: '/Users/aekachaiboonruang/Library/Developer/Xcode/DerivedData/WebDriverAgent-brdadhpuduowllgivnnvuygpwhzy/Build/Products/Debug-iphoneos/IntegrationApp.app' (Root cause: com.kms.katalon.core.appium.exception.AppiumStartException: Fail to start Appium server in 30 seconds)]]></system-err>
   </testsuite>
</testsuites>
